2024-07-06 19:32:49 [@instance-20240705-1710-glpi]
CSRF check failed for User ID:  at /
2024-07-06 20:29:51 [@instance-20240705-1710-glpi]
CSRF check failed for User ID:  at /
2024-07-06 22:36:49 [@instance-20240705-1710-glpi]
CSRF check failed for User ID:  at /
2024-07-07 00:14:12 [@instance-20240705-1710-glpi]
CSRF check failed for User ID:  at /
2024-07-07 02:22:34 [@instance-20240705-1710-glpi]
CSRF check failed for User ID:  at /
2024-07-07 03:51:55 [@instance-20240705-1710-glpi]
CSRF check failed for User ID:  at /
2024-07-07 04:43:16 [@instance-20240705-1710-glpi]
CSRF check failed for User ID:  at /
2024-07-07 05:44:48 [@instance-20240705-1710-glpi]
CSRF check failed for User ID:  at /
2024-07-07 06:34:48 [@instance-20240705-1710-glpi]
CSRF check failed for User ID:  at /
2024-07-07 08:09:16 [@instance-20240705-1710-glpi]
CSRF check failed for User ID:  at /
2024-07-07 09:23:26 [@instance-20240705-1710-glpi]
CSRF check failed for User ID:  at /
2024-07-07 10:54:02 [@instance-20240705-1710-glpi]
CSRF check failed for User ID:  at /
2024-07-07 12:38:13 [@instance-20240705-1710-glpi]
CSRF check failed for User ID:  at /
2024-07-07 14:04:56 [@instance-20240705-1710-glpi]
CSRF check failed for User ID:  at /
2024-07-07 16:05:21 [@instance-20240705-1710-glpi]
CSRF check failed for User ID:  at /
2024-07-07 17:39:05 [@instance-20240705-1710-glpi]
CSRF check failed for User ID:  at /
2024-07-07 18:39:47 [@instance-20240705-1710-glpi]
CSRF check failed for User ID:  at /
2024-07-07 20:49:42 [@instance-20240705-1710-glpi]
CSRF check failed for User ID:  at /
2024-07-07 22:08:25 [@instance-20240705-1710-glpi]
CSRF check failed for User ID:  at /
2024-07-07 23:43:23 [@instance-20240705-1710-glpi]
CSRF check failed for User ID:  at /
2024-07-08 00:42:15 [@instance-20240705-1710-glpi]
CSRF check failed for User ID:  at /
2024-07-08 02:05:56 [@instance-20240705-1710-glpi]
CSRF check failed for User ID:  at /
2024-07-08 04:29:22 [@instance-20240705-1710-glpi]
CSRF check failed for User ID:  at /
2024-07-08 05:23:41 [@instance-20240705-1710-glpi]
CSRF check failed for User ID:  at /
2024-07-08 07:58:49 [@instance-20240705-1710-glpi]
CSRF check failed for User ID:  at /
2024-07-08 08:16:37 [@instance-20240705-1710-glpi]
CSRF check failed for User ID:  at /
2024-07-08 09:26:14 [@instance-20240705-1710-glpi]
CSRF check failed for User ID:  at /
2024-07-08 10:27:47 [@instance-20240705-1710-glpi]
CSRF check failed for User ID:  at /
2024-07-08 15:06:00 [@instance-20240705-1710-glpi]
CSRF check failed for User ID:  at /
2024-07-08 16:15:15 [@instance-20240705-1710-glpi]
CSRF check failed for User ID:  at /
2024-07-08 20:53:22 [@instance-20240705-1710-glpi]
CSRF check failed for User ID:  at /
2024-07-08 21:50:38 [@instance-20240705-1710-glpi]
CSRF check failed for User ID:  at /
2024-07-08 22:57:46 [@instance-20240705-1710-glpi]
CSRF check failed for User ID:  at /
2024-07-08 23:42:22 [@instance-20240705-1710-glpi]
CSRF check failed for User ID:  at /
2024-07-09 01:02:16 [@instance-20240705-1710-glpi]
CSRF check failed for User ID:  at /
2024-07-09 03:14:19 [@instance-20240705-1710-glpi]
CSRF check failed for User ID:  at /
2024-07-09 04:13:15 [@instance-20240705-1710-glpi]
CSRF check failed for User ID:  at /
2024-07-09 05:22:54 [@instance-20240705-1710-glpi]
CSRF check failed for User ID:  at /
2024-07-09 05:44:22 [@instance-20240705-1710-glpi]
CSRF check failed for User ID:  at /
2024-07-09 08:30:41 [@instance-20240705-1710-glpi]
CSRF check failed for User ID:  at /
2024-07-09 10:09:07 [@instance-20240705-1710-glpi]
CSRF check failed for User ID:  at /
2024-07-09 10:59:39 [@instance-20240705-1710-glpi]
CSRF check failed for User ID:  at /
2024-07-09 11:42:50 [@instance-20240705-1710-glpi]
CSRF check failed for User ID:  at /
2024-07-09 13:20:24 [@instance-20240705-1710-glpi]
CSRF check failed for User ID:  at /
2024-07-09 13:55:43 [@instance-20240705-1710-glpi]
CSRF check failed for User ID:  at /
2024-07-09 15:38:16 [@instance-20240705-1710-glpi]
CSRF check failed for User ID:  at /
2024-07-09 17:45:24 [@instance-20240705-1710-glpi]
CSRF check failed for User ID:  at /
2024-07-09 19:07:08 [@instance-20240705-1710-glpi]
CSRF check failed for User ID:  at /
2024-07-09 21:34:36 [@instance-20240705-1710-glpi]
CSRF check failed for User ID:  at /
2024-07-09 22:45:55 [@instance-20240705-1710-glpi]
CSRF check failed for User ID:  at /
2024-07-09 23:19:51 [@instance-20240705-1710-glpi]
CSRF check failed for User ID:  at /
2024-07-10 00:56:08 [@instance-20240705-1710-glpi]
CSRF check failed for User ID:  at /
2024-07-10 01:56:55 [@instance-20240705-1710-glpi]
CSRF check failed for User ID:  at /
2024-07-10 02:36:10 [@instance-20240705-1710-glpi]
CSRF check failed for User ID:  at /
2024-07-10 03:48:32 [@instance-20240705-1710-glpi]
CSRF check failed for User ID:  at /
2024-07-10 04:50:55 [@instance-20240705-1710-glpi]
CSRF check failed for User ID:  at /
2024-07-10 05:40:58 [@instance-20240705-1710-glpi]
CSRF check failed for User ID:  at /
2024-07-10 07:23:56 [@instance-20240705-1710-glpi]
CSRF check failed for User ID:  at /
2024-07-10 07:47:25 [@instance-20240705-1710-glpi]
CSRF check failed for User ID:  at /
2024-07-10 10:07:59 [@instance-20240705-1710-glpi]
CSRF check failed for User ID:  at /
2024-07-10 11:57:18 [@instance-20240705-1710-glpi]
CSRF check failed for User ID:  at /
2024-07-10 14:21:32 [@instance-20240705-1710-glpi]
CSRF check failed for User ID:  at /
2024-07-10 15:02:37 [@instance-20240705-1710-glpi]
CSRF check failed for User ID:  at /
2024-07-10 16:54:42 [@instance-20240705-1710-glpi]
CSRF check failed for User ID:  at /
2024-07-10 17:30:41 [@instance-20240705-1710-glpi]
CSRF check failed for User ID:  at /
2024-07-10 18:51:06 [@instance-20240705-1710-glpi]
CSRF check failed for User ID:  at /
2024-07-10 20:11:18 [@instance-20240705-1710-glpi]
CSRF check failed for User ID:  at /
2024-07-10 21:39:52 [@instance-20240705-1710-glpi]
CSRF check failed for User ID:  at /?%ADd+allow_url_include%3d1+%ADd+auto_prepend_file%3dphp://input
2024-07-11 00:27:50 [@instance-20240705-1710-glpi]
CSRF check failed for User ID:  at /
2024-07-11 03:05:43 [@instance-20240705-1710-glpi]
CSRF check failed for User ID:  at /
2024-07-11 05:30:53 [@instance-20240705-1710-glpi]
CSRF check failed for User ID:  at /
2024-07-11 07:32:40 [@instance-20240705-1710-glpi]
CSRF check failed for User ID:  at /
2024-07-11 08:45:19 [7@instance-20240705-1710-glpi]
CSRF check failed for User ID: 7 at /plugins/fields/front/commondropdown.form.php?ddtype=statustwofielddropdown
2024-07-11 09:52:35 [@instance-20240705-1710-glpi]
CSRF check failed for User ID:  at /
2024-07-11 10:24:03 [@instance-20240705-1710-glpi]
CSRF check failed for User ID:  at /front/login.php
2024-07-11 20:25:45 [@instance-20240705-1710-glpi]
CSRF check failed for User ID:  at /
2024-07-11 21:57:42 [@instance-20240705-1710-glpi]
CSRF check failed for User ID:  at /
2024-07-11 22:49:51 [@instance-20240705-1710-glpi]
CSRF check failed for User ID:  at /
2024-07-11 23:58:46 [@instance-20240705-1710-glpi]
CSRF check failed for User ID:  at /
2024-07-12 02:12:25 [@instance-20240705-1710-glpi]
CSRF check failed for User ID:  at /
2024-07-12 03:54:23 [@instance-20240705-1710-glpi]
CSRF check failed for User ID:  at /
2024-07-12 04:58:07 [@instance-20240705-1710-glpi]
CSRF check failed for User ID:  at /
2024-07-12 07:50:02 [@instance-20240705-1710-glpi]
CSRF check failed for User ID:  at /
2024-07-12 09:57:19 [@instance-20240705-1710-glpi]
CSRF check failed for User ID:  at /
2024-07-12 12:34:07 [@instance-20240705-1710-glpi]
CSRF check failed for User ID:  at /
2024-07-12 13:17:03 [@instance-20240705-1710-glpi]
CSRF check failed for User ID:  at /
2024-07-12 13:46:18 [@instance-20240705-1710-glpi]
CSRF check failed for User ID:  at /
2024-07-12 20:43:47 [@instance-20240705-1710-glpi]
CSRF check failed for User ID:  at /
2024-07-12 22:02:35 [@instance-20240705-1710-glpi]
CSRF check failed for User ID:  at /
2024-07-12 23:02:53 [@instance-20240705-1710-glpi]
CSRF check failed for User ID:  at /
2024-07-12 23:52:40 [@instance-20240705-1710-glpi]
CSRF check failed for User ID:  at /
2024-07-13 01:22:51 [@instance-20240705-1710-glpi]
CSRF check failed for User ID:  at /
2024-07-13 02:02:39 [@instance-20240705-1710-glpi]
CSRF check failed for User ID:  at /
2024-07-13 02:46:52 [@instance-20240705-1710-glpi]
CSRF check failed for User ID:  at /
2024-07-13 03:59:47 [@instance-20240705-1710-glpi]
CSRF check failed for User ID:  at /
2024-07-13 04:40:58 [@instance-20240705-1710-glpi]
CSRF check failed for User ID:  at /
2024-07-13 06:20:38 [@instance-20240705-1710-glpi]
CSRF check failed for User ID:  at /
2024-07-13 06:33:05 [@instance-20240705-1710-glpi]
CSRF check failed for User ID:  at /
2024-07-13 07:32:50 [@instance-20240705-1710-glpi]
CSRF check failed for User ID:  at /
2024-07-13 08:16:51 [@instance-20240705-1710-glpi]
CSRF check failed for User ID:  at /
2024-07-13 10:21:34 [@instance-20240705-1710-glpi]
CSRF check failed for User ID:  at /
2024-07-13 11:08:02 [@instance-20240705-1710-glpi]
CSRF check failed for User ID:  at /
2024-07-13 13:42:42 [@instance-20240705-1710-glpi]
CSRF check failed for User ID:  at /
2024-07-13 15:26:00 [@instance-20240705-1710-glpi]
CSRF check failed for User ID:  at /
2024-07-13 16:08:51 [@instance-20240705-1710-glpi]
CSRF check failed for User ID:  at /
2024-07-13 17:20:39 [@instance-20240705-1710-glpi]
CSRF check failed for User ID:  at /
2024-07-13 18:27:44 [@instance-20240705-1710-glpi]
CSRF check failed for User ID:  at /
2024-07-13 19:22:35 [@instance-20240705-1710-glpi]
CSRF check failed for User ID:  at /
2024-07-13 21:28:31 [@instance-20240705-1710-glpi]
CSRF check failed for User ID:  at /
2024-07-13 22:08:20 [@instance-20240705-1710-glpi]
CSRF check failed for User ID:  at /
2024-07-13 23:25:28 [@instance-20240705-1710-glpi]
CSRF check failed for User ID:  at /
2024-07-14 01:21:09 [@instance-20240705-1710-glpi]
CSRF check failed for User ID:  at /
2024-07-14 01:29:53 [@instance-20240705-1710-glpi]
CSRF check failed for User ID:  at /
2024-07-14 04:33:44 [@instance-20240705-1710-glpi]
CSRF check failed for User ID:  at /
2024-07-14 05:16:31 [@instance-20240705-1710-glpi]
CSRF check failed for User ID:  at /
2024-07-14 06:53:09 [@instance-20240705-1710-glpi]
CSRF check failed for User ID:  at /
2024-07-14 07:48:06 [@instance-20240705-1710-glpi]
CSRF check failed for User ID:  at /
2024-07-14 08:59:05 [@instance-20240705-1710-glpi]
CSRF check failed for User ID:  at /
2024-07-14 10:34:10 [@instance-20240705-1710-glpi]
CSRF check failed for User ID:  at /
2024-07-14 13:33:05 [@instance-20240705-1710-glpi]
CSRF check failed for User ID:  at /
2024-07-14 14:38:56 [@instance-20240705-1710-glpi]
CSRF check failed for User ID:  at /
2024-07-14 22:38:07 [@instance-20240705-1710-glpi]
CSRF check failed for User ID:  at /
2024-07-14 23:25:04 [@instance-20240705-1710-glpi]
CSRF check failed for User ID:  at /
2024-07-15 00:48:37 [@instance-20240705-1710-glpi]
CSRF check failed for User ID:  at /
2024-07-15 03:06:39 [@instance-20240705-1710-glpi]
CSRF check failed for User ID:  at /
2024-07-15 05:00:39 [@instance-20240705-1710-glpi]
CSRF check failed for User ID:  at /
2024-07-15 05:30:15 [@instance-20240705-1710-glpi]
CSRF check failed for User ID:  at /
2024-07-15 06:55:37 [@instance-20240705-1710-glpi]
CSRF check failed for User ID:  at /
2024-07-15 13:11:59 [@instance-20240705-1710-glpi]
CSRF check failed for User ID:  at /
2024-07-15 23:48:53 [@instance-20240705-1710-glpi]
CSRF check failed for User ID:  at /
2024-07-16 01:00:20 [@instance-20240705-1710-glpi]
CSRF check failed for User ID:  at /
2024-07-16 02:32:49 [@instance-20240705-1710-glpi]
CSRF check failed for User ID:  at /
2024-07-16 03:12:29 [@instance-20240705-1710-glpi]
CSRF check failed for User ID:  at /
2024-07-16 05:01:52 [@instance-20240705-1710-glpi]
CSRF check failed for User ID:  at /
2024-07-16 05:41:20 [@instance-20240705-1710-glpi]
CSRF check failed for User ID:  at /
2024-07-16 07:24:22 [@instance-20240705-1710-glpi]
CSRF check failed for User ID:  at /
2024-07-16 08:22:36 [@instance-20240705-1710-glpi]
CSRF check failed for User ID:  at /
2024-07-16 08:57:06 [@instance-20240705-1710-glpi]
CSRF check failed for User ID:  at /
2024-07-16 09:17:54 [@instance-20240705-1710-glpi]
CSRF check failed for User ID:  at /
2024-07-16 12:29:05 [@instance-20240705-1710-glpi]
CSRF check failed for User ID:  at /
2024-07-16 12:52:28 [@instance-20240705-1710-glpi]
CSRF check failed for User ID:  at /
2024-07-16 14:27:12 [@instance-20240705-1710-glpi]
CSRF check failed for User ID:  at /
2024-07-16 16:41:22 [@instance-20240705-1710-glpi]
CSRF check failed for User ID:  at /
2024-07-16 17:15:37 [@instance-20240705-1710-glpi]
CSRF check failed for User ID:  at /
2024-07-16 18:18:22 [@instance-20240705-1710-glpi]
CSRF check failed for User ID:  at /
2024-07-16 19:54:13 [@instance-20240705-1710-glpi]
CSRF check failed for User ID:  at /
2024-07-16 20:54:14 [@instance-20240705-1710-glpi]
CSRF check failed for User ID:  at /
2024-07-16 21:18:40 [@instance-20240705-1710-glpi]
CSRF check failed for User ID:  at /
2024-07-16 22:36:07 [@instance-20240705-1710-glpi]
CSRF check failed for User ID:  at /
2024-07-17 00:09:40 [@instance-20240705-1710-glpi]
CSRF check failed for User ID:  at /
2024-07-17 01:46:55 [@instance-20240705-1710-glpi]
CSRF check failed for User ID:  at /
2024-07-17 03:27:30 [@instance-20240705-1710-glpi]
CSRF check failed for User ID:  at /
2024-07-17 05:00:05 [@instance-20240705-1710-glpi]
CSRF check failed for User ID:  at /
2024-07-17 06:19:44 [@instance-20240705-1710-glpi]
CSRF check failed for User ID:  at /
2024-07-17 07:58:25 [@instance-20240705-1710-glpi]
CSRF check failed for User ID:  at /
2024-07-17 08:04:34 [@instance-20240705-1710-glpi]
CSRF check failed for User ID:  at /
2024-07-17 08:30:25 [@instance-20240705-1710-glpi]
CSRF check failed for User ID:  at /
2024-07-18 08:15:51 [7@instance-20240705-1710-glpi]
User ID: 7 tried to access or perform an action on /front/phone.php?criteria%5B0%5D%5Bfield%5D=view&criteria%5B0%5D%5Blink%5D=contains&criteria%5B0%5D%5Bvalue%5D=&reset=reset with insufficient rights. Additional information: User is missing the 1 (Read) right for phone
	Stack Trace:
		/var/www/glpi/src/Session.php:1124 displayRightError()
		/var/www/glpi/front/phone.php:38 checkRight()
		/var/www/glpi/public/index.php:82 require()
2024-07-18 08:20:57 [@instance-20240705-1710-glpi]
CSRF check failed for User ID:  at /
