2024-07-06 14:54:21 [@instance-20240705-1710-glpi]
Interno #1: Executar createinquest
2024-07-06 15:00:13 [2@instance-20240705-1710-glpi]
Interno #1: Executar watcher
2024-07-06 15:04:11 [@instance-20240705-1710-glpi]
Interno #1: Executar slaticket
2024-07-06 15:09:26 [7@instance-20240705-1710-glpi]
Interno #1: Executar infocom
2024-07-06 19:55:50 [7@instance-20240705-1710-glpi]
Interno #1: Executar contract
2024-07-06 20:02:45 [@instance-20240705-1710-glpi]
Interno #1: Executar mailgate
2024-07-08 10:10:12 [@instance-20240705-1710-glpi]
Internal #1: Launch olaticket
2024-07-08 16:33:40 [7@instance-20240705-1710-glpi]
Interno #1: Executar certificate
2024-07-08 16:39:25 [7@instance-20240705-1710-glpi]
Interno #1: Executar mailgateerror
2024-07-08 16:40:02 [@instance-20240705-1710-glpi]
Interno #1: Executar temp
2024-07-08 16:45:16 [7@instance-20240705-1710-glpi]
Interno #1: Executar session
2024-07-10 14:26:29 [7@instance-20240705-1710-glpi]
Interno #1: Executar queuednotificationclean
2024-07-10 14:39:58 [7@instance-20240705-1710-glpi]
Interno #1: Executar queuednotification
2024-07-10 14:45:58 [7@instance-20240705-1710-glpi]
Interno #1: Executar planningrecall
2024-07-10 15:15:40 [7@instance-20240705-1710-glpi]
Interno #1: Executar RecurrentItems
2024-07-10 15:51:08 [7@instance-20240705-1710-glpi]
Interno #1: Executar graph
2024-07-10 15:56:11 [7@instance-20240705-1710-glpi]
Interno #1: Executar reservation
2024-07-10 16:01:18 [7@instance-20240705-1710-glpi]
Interno #1: Executar closeticket
2024-07-10 16:06:24 [7@instance-20240705-1710-glpi]
Interno #1: Executar alertnotclosed
2024-07-10 16:13:45 [7@instance-20240705-1710-glpi]
Interno #1: Executar slaticket
2024-07-10 16:19:23 [7@instance-20240705-1710-glpi]
Interno #1: Executar mailgate
2024-07-10 16:24:40 [7@instance-20240705-1710-glpi]
Interno #1: Executar createinquest
2024-07-10 16:29:44 [7@instance-20240705-1710-glpi]
Interno #1: Executar watcher
2024-07-10 16:42:32 [7@instance-20240705-1710-glpi]
Interno #1: Executar infocom
2024-07-10 16:48:21 [7@instance-20240705-1710-glpi]
Interno #1: Executar contract
2024-07-10 17:36:58 [7@instance-20240705-1710-glpi]
Interno #1: Executar olaticket
2024-07-10 17:42:10 [7@instance-20240705-1710-glpi]
Interno #1: Executar temp
2024-07-10 17:49:14 [7@instance-20240705-1710-glpi]
Interno #1: Executar certificate
2024-07-10 17:55:35 [7@instance-20240705-1710-glpi]
Interno #1: Executar mailgateerror
2024-07-11 08:45:22 [7@instance-20240705-1710-glpi]
Interno #1: Executar session
2024-07-11 08:51:23 [7@instance-20240705-1710-glpi]
Interno #1: Executar queuednotification
2024-07-11 08:56:48 [7@instance-20240705-1710-glpi]
Interno #1: Executar planningrecall
2024-07-11 09:02:47 [7@instance-20240705-1710-glpi]
Interno #1: Executar RecurrentItems
2024-07-11 09:36:19 [7@instance-20240705-1710-glpi]
Interno #1: Executar slaticket
2024-07-11 10:32:10 [11@instance-20240705-1710-glpi]
Interno #1: Executar mailgate
2024-07-11 11:23:23 [7@instance-20240705-1710-glpi]
Interno #1: Executar graph
2024-07-11 12:12:16 [11@instance-20240705-1710-glpi]
Interno #1: Executar reservation
2024-07-11 12:24:42 [7@instance-20240705-1710-glpi]
Interno #1: Executar olaticket
2024-07-11 12:35:10 [7@instance-20240705-1710-glpi]
Interno #1: Executar temp
2024-07-11 13:42:06 [11@instance-20240705-1710-glpi]
Interno #1: Executar closeticket
2024-07-12 10:36:27 [7@instance-20240705-1710-glpi]
Interno #1: Executar alertnotclosed
2024-07-12 10:51:00 [7@instance-20240705-1710-glpi]
Interno #1: Executar queuednotification
2024-07-12 10:57:02 [7@instance-20240705-1710-glpi]
Interno #1: Executar planningrecall
2024-07-12 11:02:53 [7@instance-20240705-1710-glpi]
Interno #1: Executar slaticket
2024-07-12 11:08:06 [7@instance-20240705-1710-glpi]
Interno #1: Executar RecurrentItems
2024-07-12 11:15:23 [7@instance-20240705-1710-glpi]
Interno #1: Executar mailgate
2024-07-12 11:33:59 [7@instance-20240705-1710-glpi]
Interno #1: Executar graph
2024-07-12 11:39:18 [7@instance-20240705-1710-glpi]
Interno #1: Executar olaticket
2024-07-12 11:46:15 [7@instance-20240705-1710-glpi]
Interno #1: Executar reservation
2024-07-12 11:51:31 [7@instance-20240705-1710-glpi]
Interno #1: Executar temp
2024-07-12 12:15:03 [7@instance-20240705-1710-glpi]
Internal #1: Launch queuednotificationclean
2024-07-12 12:20:09 [7@instance-20240705-1710-glpi]
Internal #1: Launch createinquest
2024-07-12 12:26:05 [7@instance-20240705-1710-glpi]
Internal #1: Launch watcher
2024-07-12 12:31:25 [7@instance-20240705-1710-glpi]
Internal #1: Launch infocom
2024-07-12 12:37:03 [7@instance-20240705-1710-glpi]
Internal #1: Launch contract
2024-07-12 13:05:55 [7@instance-20240705-1710-glpi]
Internal #1: Launch certificate
2024-07-12 13:24:43 [7@instance-20240705-1710-glpi]
Internal #1: Launch mailgateerror
2024-07-12 13:29:58 [7@instance-20240705-1710-glpi]
Internal #1: Launch closeticket
2024-07-12 13:38:34 [7@instance-20240705-1710-glpi]
Internal #1: Launch session
2024-07-12 14:20:06 [7@instance-20240705-1710-glpi]
Internal #1: Launch queuednotification
2024-07-12 14:25:23 [7@instance-20240705-1710-glpi]
Internal #1: Launch planningrecall
2024-07-12 15:38:21 [7@instance-20240705-1710-glpi]
Internal #1: Launch slaticket
2024-07-12 15:43:43 [7@instance-20240705-1710-glpi]
Interno #1: Executar mailgate
2024-07-12 15:49:05 [7@instance-20240705-1710-glpi]
Interno #1: Executar olaticket
2024-07-12 15:54:44 [7@instance-20240705-1710-glpi]
Interno #1: Executar RecurrentItems
2024-07-12 16:08:22 [7@instance-20240705-1710-glpi]
Interno #1: Executar graph
2024-07-17 11:56:37 [@instance-20240705-1710-glpi]
Interno #1: Executar reservation
2024-07-17 11:56:47 [@instance-20240705-1710-glpi]
Interno #1: Executar temp
2024-07-17 11:56:55 [@instance-20240705-1710-glpi]
Interno #1: Executar queuednotification
2024-07-17 11:57:11 [@instance-20240705-1710-glpi]
Interno #1: Executar planningrecall
2024-07-17 14:42:30 [7@instance-20240705-1710-glpi]
Interno #1: Executar slaticket
2024-07-17 17:16:43 [7@instance-20240705-1710-glpi]
Interno #1: Executar mailgate
2024-07-17 19:56:27 [7@instance-20240705-1710-glpi]
Interno #1: Executar olaticket
2024-07-17 20:06:56 [7@instance-20240705-1710-glpi]
Interno #1: Executar RecurrentItems
2024-07-17 20:44:27 [7@instance-20240705-1710-glpi]
Interno #1: Executar graph
2024-07-17 20:50:03 [7@instance-20240705-1710-glpi]
Interno #1: Executar alertnotclosed
2024-07-17 21:07:23 [7@instance-20240705-1710-glpi]
Interno #1: Executar closeticket
2024-07-17 21:14:35 [7@instance-20240705-1710-glpi]
Interno #1: Executar queuednotificationclean
2024-07-17 21:22:13 [7@instance-20240705-1710-glpi]
Interno #1: Executar createinquest
2024-07-17 21:27:20 [7@instance-20240705-1710-glpi]
Interno #1: Executar watcher
2024-07-18 08:29:09 [7@instance-20240705-1710-glpi]
Interno #1: Executar infocom
2024-07-18 08:47:24 [7@instance-20240705-1710-glpi]
Interno #1: Executar contract
2024-07-18 08:56:18 [7@instance-20240705-1710-glpi]
Interno #1: Executar certificate
2024-07-18 09:01:20 [7@instance-20240705-1710-glpi]
Interno #1: Executar mailgateerror
