2024-07-10 17:37:19 [7@instance-20240705-1710-glpi]
0 segundo for "Installing glpi_plugin_fields_containers"
2024-07-10 17:37:19 [7@instance-20240705-1710-glpi]
0 segundo for "Installing glpi_plugin_fields_containerdisplayconditions"
2024-07-10 17:37:19 [7@instance-20240705-1710-glpi]
0 segundo for "Installing glpi_plugin_fields_fields"
2024-07-10 17:37:19 [7@instance-20240705-1710-glpi]
0 segundo for "Updating glpi_plugin_fields_fields"
2024-07-10 17:37:19 [7@instance-20240705-1710-glpi]
0 segundo for "Installing glpi_plugin_fields_labeltranslations"
2024-07-10 17:37:19 [7@instance-20240705-1710-glpi]
0 segundo for "Installing glpi_plugin_fields_profiles"
2024-07-10 17:37:19 [7@instance-20240705-1710-glpi]
0 segundo for "Installing glpi_plugin_fields_statusoverrides"
2024-07-10 17:37:19 [7@instance-20240705-1710-glpi]
0 segundo for "Alteração de layout do banco de dados - glpi_plugin_fields_fields"
2024-07-10 17:37:19 [7@instance-20240705-1710-glpi]
0 segundo for "Valores de configuração adicionados para stable_search_options (plugin:fields)."
2024-07-10 17:37:19 [7@instance-20240705-1710-glpi]
0 segundo for "Tarefa concluída."
2024-07-10 17:37:19 [7@instance-20240705-1710-glpi]
0 segundo for "Regerar arquivos de contêineres"
2024-07-10 17:37:19 [7@instance-20240705-1710-glpi]
0 segundo for "Tarefa concluída."
2024-07-10 17:37:19 [7@instance-20240705-1710-glpi]
0 segundo for "Atualizando arquivos de contêineres gerados"
2024-07-10 17:37:19 [7@instance-20240705-1710-glpi]
0 segundo for "Tarefa concluída."
2024-07-10 17:37:19 [7@instance-20240705-1710-glpi]
0 segundo for "Atualizando arquivos que foram baixados"
