[2024-07-05 20:48:36] glpiphplog.WARNING: Test logger  
[2024-07-05 20:55:01] glpiphplog.WARNING: Test logger  
[2024-07-06 14:52:44] glpiphplog.DEBUG: Html::compileScss() in /var/www/glpi/src/Html.php line 6935
Compile css/palettes/auror.scss  {"user":"@instance-20240705-1710-glpi"} 
[2024-07-06 14:52:56] glpiphplog.WARNING: Test logger  
[2024-07-11 09:04:52] glpiphplog.WARNING: Test logger  
[2024-07-11 09:04:52] glpiphplog.WARNING:   *** PHP Warning (2): mkdir(): Permission denied in /var/www/glpi/src/Toolbox.php at line 1233
  Backtrace :
  src/Toolbox.php:1233                               mkdir()
  ...System/Requirement/DirectoryWriteAccess.php:113 Toolbox::testWriteAccessToDirectory()
  src/System/Requirement/AbstractRequirement.php:131 Glpi\System\Requirement\DirectoryWriteAccess->check()
  src/System/Requirement/AbstractRequirement.php:212 Glpi\System\Requirement\AbstractRequirement->doCheck()
  src/Config.php:1997                                Glpi\System\Requirement\AbstractRequirement->isValidated()
  src/Config.php:2172                                Config::showSystemInfoTable()
  src/Config.php:2667                                Config->showSystemInformations()
  src/CommonGLPI.php:694                             Config::displayTabContentForItem()
  ajax/common.tabs.php:120                           CommonGLPI::displayStandardTab()
  public/index.php:82                                require()
  
[2024-07-17 20:07:13] glpiphplog.WARNING: Test logger  
[2024-07-17 20:07:13] glpiphplog.WARNING:   *** PHP Warning (2): mkdir(): Permission denied in /var/www/glpi/src/Toolbox.php at line 1233
  Backtrace :
  src/Toolbox.php:1233                               mkdir()
  ...System/Requirement/DirectoryWriteAccess.php:113 Toolbox::testWriteAccessToDirectory()
  src/System/Requirement/AbstractRequirement.php:131 Glpi\System\Requirement\DirectoryWriteAccess->check()
  src/System/Requirement/AbstractRequirement.php:212 Glpi\System\Requirement\AbstractRequirement->doCheck()
  src/Config.php:1997                                Glpi\System\Requirement\AbstractRequirement->isValidated()
  src/Config.php:2172                                Config::showSystemInfoTable()
  src/Config.php:2667                                Config->showSystemInformations()
  src/CommonGLPI.php:694                             Config::displayTabContentForItem()
  ajax/common.tabs.php:120                           CommonGLPI::displayStandardTab()
  public/index.php:82                                require()
  
